<?xml version="1.0" encoding="UTF-8"?>
<testng-results ignored="0" total="1" passed="1" failed="0" skipped="0">
  <reporter-output>
  </reporter-output>
  <suite started-at="2025-01-30T16:37:31 EET" name="MoneyGaming Test Suite" finished-at="2025-01-30T16:38:26 EET" duration-ms="54727">
    <groups>
    </groups>
    <test started-at="2025-01-30T16:37:31 EET" name="Registration Test" finished-at="2025-01-30T16:38:26 EET" duration-ms="54727">
      <class name="com.moneygaming.tests.RegistrationTest">
        <test-method is-config="true" signature="setUp()[pri:0, instance:com.moneygaming.tests.RegistrationTest@2e8c1c9b]" started-at="2025-01-30T16:37:31 EET" name="setUp" finished-at="2025-01-30T16:37:37 EET" duration-ms="5313" status="PASS">
          <reporter-output>
          </reporter-output>
        </test-method> <!-- setUp -->
        <test-method signature="testRegistration()[pri:0, instance:com.moneygaming.tests.RegistrationTest@2e8c1c9b]" started-at="2025-01-30T16:37:37 EET" name="testRegistration" finished-at="2025-01-30T16:38:25 EET" duration-ms="47950" status="PASS">
          <reporter-output>
          </reporter-output>
        </test-method> <!-- testRegistration -->
        <test-method is-config="true" signature="tearDown()[pri:0, instance:com.moneygaming.tests.RegistrationTest@2e8c1c9b]" started-at="2025-01-30T16:38:25 EET" name="tearDown" finished-at="2025-01-30T16:38:26 EET" duration-ms="1376" status="PASS">
          <reporter-output>
          </reporter-output>
        </test-method> <!-- tearDown -->
      </class> <!-- com.moneygaming.tests.RegistrationTest -->
    </test> <!-- Registration Test -->
  </suite> <!-- MoneyGaming Test Suite -->
</testng-results>
